#
# There is insufficient memory for the Java Runtime Environment to continue.
# Native memory allocation (mmap) failed to map 1061158912 bytes for Failed to commit area from 0x000000040d800000 to 0x000000044cc00000 of length 1061158912.
# Possible reasons:
#   The system is out of physical RAM or swap space
#   The process is running with CompressedOops enabled, and the Java Heap may be blocking the growth of the native heap
# Possible solutions:
#   Reduce memory load on the system
#   Increase physical memory or swap space
#   Check if swap backing store is full
#   Decrease Java heap size (-Xmx/-Xms)
#   Decrease number of Java threads
#   Decrease Java thread stack sizes (-Xss)
#   Set larger code cache with -XX:ReservedCodeCacheSize=
# This output file may be truncated or incomplete.
#
#  Out of Memory Error (./src/hotspot/os/windows/os_windows.cpp:3387), pid=59096, tid=49028
#
# JRE version:  (11.0.14.1+1) (build )
# Java VM: OpenJDK 64-Bit Server VM (11.0.14.1+1, mixed mode, sharing, tiered, compressed oops, g1 gc, windows-amd64)
# No core dump will be written. Minidumps are not enabled by default on client versions of Windows
#

---------------  S U M M A R Y ------------

Command Line: -Dfile.encoding=UTF-8 

Host: AMD Ryzen 9 7950X 16-Core Processor            , 32 cores, 63G,  Windows 10 , 64 bit Build 19041 (10.0.19041.4717)
Time: Tue Sep  3 00:27:39 2024 대한민국 표준시 elapsed time: 0.018134 seconds (0d 0h 0m 0s)

---------------  T H R E A D  ---------------

Current thread (0x00000248627b1800):  JavaThread "Unknown thread" [_thread_in_vm, id=49028, stack(0x0000004a68900000,0x0000004a68a00000)]

Stack: [0x0000004a68900000,0x0000004a68a00000]
Native frames: (J=compiled Java code, j=interpreted, Vv=VM code, C=native code)
V  [jvm.dll+0x61e59a]
V  [jvm.dll+0x7aaca9]
V  [jvm.dll+0x7ac398]
V  [jvm.dll+0x7aca73]
V  [jvm.dll+0x24f9b8]
V  [jvm.dll+0x61b83a]
V  [jvm.dll+0x6100c5]
V  [jvm.dll+0x30772c]
V  [jvm.dll+0x3075b2]
V  [jvm.dll+0x30c2d6]
V  [jvm.dll+0x35272f]
V  [jvm.dll+0x352160]
V  [jvm.dll+0x2e4728]
V  [jvm.dll+0x2e5886]
V  [jvm.dll+0x784b07]
V  [jvm.dll+0x78628f]
V  [jvm.dll+0x35f479]
V  [jvm.dll+0x767aa0]
V  [jvm.dll+0x3ccf1f]
V  [jvm.dll+0x3cf2b1]
C  [jli.dll+0x5207]
C  [ucrtbase.dll+0x21bb2]
C  [KERNEL32.DLL+0x17374]
C  [ntdll.dll+0x4cc91]


---------------  P R O C E S S  ---------------

Threads class SMR info:
_java_thread_list=0x00000248604b3b50, length=0, elements={
}

Java Threads: ( => current thread )

Other Threads:
  0x00000248627cd000 GCTaskThread "GC Thread#0" [stack: 0x0000004a68a00000,0x0000004a68b00000] [id=46692]
  0x000002486288d000 ConcurrentGCThread "G1 Main Marker" [stack: 0x0000004a68b00000,0x0000004a68c00000] [id=26324]
  0x000002486288e800 ConcurrentGCThread "G1 Conc#0" [stack: 0x0000004a68c00000,0x0000004a68d00000] [id=25292]

[error occurred during error reporting (printing all threads), id 0xc0000005, EXCEPTION_ACCESS_VIOLATION (0xc0000005) at pc=0x00007ff8856c3ef7]

VM state:not at safepoint (not fully initialized)

VM Mutex/Monitor currently owned by a thread:  ([mutex/lock_event])
[0x00000248627ade60] Heap_lock - owner thread: 0x00000248627b1800

Heap address: 0x000000040d800000, size: 16168 MB, Compressed Oops mode: Non-zero based: 0x000000040d800000
Narrow klass base: 0x0000000000000000, Narrow klass shift: 0

GC Heap History (0 events):
No events

Deoptimization events (0 events):
No events

Classes redefined (0 events):
No events

Internal exceptions (0 events):
No events

Events (1 events):
Event: 0.009 Loaded shared library C:\Program Files\Unity\Hub\Editor\2022.3.37f1\Editor\Data\PlaybackEngines\AndroidPlayer\OpenJDK\bin\zip.dll


Dynamic libraries:
0x00007ff7ae130000 - 0x00007ff7ae13d000 	C:\Program Files\Unity\Hub\Editor\2022.3.37f1\Editor\Data\PlaybackEngines\AndroidPlayer\OpenJDK\bin\java.exe
0x00007ff97b5d0000 - 0x00007ff97b7c8000 	C:\WINDOWS\SYSTEM32\ntdll.dll
0x00007ff97b300000 - 0x00007ff97b3c1000 	C:\WINDOWS\System32\KERNEL32.DLL
0x00007ff9790d0000 - 0x00007ff9793cd000 	C:\WINDOWS\System32\KERNELBASE.dll
0x00007ff979470000 - 0x00007ff979570000 	C:\WINDOWS\System32\ucrtbase.dll
0x00007ff908e40000 - 0x00007ff908e57000 	C:\Program Files\Unity\Hub\Editor\2022.3.37f1\Editor\Data\PlaybackEngines\AndroidPlayer\OpenJDK\bin\jli.dll
0x00007ff908e20000 - 0x00007ff908e35000 	C:\Program Files\Unity\Hub\Editor\2022.3.37f1\Editor\Data\PlaybackEngines\AndroidPlayer\OpenJDK\bin\VCRUNTIME140.dll
0x00007ff97a650000 - 0x00007ff97a7ed000 	C:\WINDOWS\System32\USER32.dll
0x00007ff979020000 - 0x00007ff979042000 	C:\WINDOWS\System32\win32u.dll
0x00007ff97a850000 - 0x00007ff97a87b000 	C:\WINDOWS\System32\GDI32.dll
0x00007ff978f00000 - 0x00007ff979017000 	C:\WINDOWS\System32\gdi32full.dll
0x00007ff9793d0000 - 0x00007ff97946d000 	C:\WINDOWS\System32\msvcp_win.dll
0x00007ff965af0000 - 0x00007ff965d8a000 	C:\WINDOWS\WinSxS\amd64_microsoft.windows.common-controls_6595b64144ccf1df_6.0.19041.4355_none_60b8b9eb71f62e16\COMCTL32.dll
0x00007ff97a8b0000 - 0x00007ff97a94e000 	C:\WINDOWS\System32\msvcrt.dll
0x00007ff97b550000 - 0x00007ff97b57f000 	C:\WINDOWS\System32\IMM32.DLL
0x00007ff88fa80000 - 0x00007ff88fb1b000 	C:\Program Files\Unity\Hub\Editor\2022.3.37f1\Editor\Data\PlaybackEngines\AndroidPlayer\OpenJDK\bin\msvcp140.dll
0x00007ff8853d0000 - 0x00007ff885f51000 	C:\Program Files\Unity\Hub\Editor\2022.3.37f1\Editor\Data\PlaybackEngines\AndroidPlayer\OpenJDK\bin\server\jvm.dll
0x00007ff97a9c0000 - 0x00007ff97aa70000 	C:\WINDOWS\System32\ADVAPI32.dll
0x00007ff97b4b0000 - 0x00007ff97b550000 	C:\WINDOWS\System32\sechost.dll
0x00007ff979600000 - 0x00007ff979723000 	C:\WINDOWS\System32\RPCRT4.dll
0x00007ff9790a0000 - 0x00007ff9790c7000 	C:\WINDOWS\System32\bcrypt.dll
0x00007ff97a640000 - 0x00007ff97a648000 	C:\WINDOWS\System32\PSAPI.DLL
0x00007ff959d30000 - 0x00007ff959d39000 	C:\WINDOWS\SYSTEM32\WSOCK32.dll
0x00007ff971490000 - 0x00007ff97149a000 	C:\WINDOWS\SYSTEM32\VERSION.dll
0x00007ff97a950000 - 0x00007ff97a9bb000 	C:\WINDOWS\System32\WS2_32.dll
0x00007ff96e190000 - 0x00007ff96e1b7000 	C:\WINDOWS\SYSTEM32\WINMM.dll
0x00007ff976b20000 - 0x00007ff976b32000 	C:\WINDOWS\SYSTEM32\kernel.appcore.dll
0x00007ff90ca60000 - 0x00007ff90ca70000 	C:\Program Files\Unity\Hub\Editor\2022.3.37f1\Editor\Data\PlaybackEngines\AndroidPlayer\OpenJDK\bin\verify.dll
0x00007ff970810000 - 0x00007ff9709f4000 	C:\WINDOWS\SYSTEM32\DBGHELP.DLL
0x00007ff94c410000 - 0x00007ff94c444000 	C:\WINDOWS\SYSTEM32\dbgcore.DLL
0x00007ff979570000 - 0x00007ff9795f2000 	C:\WINDOWS\System32\bcryptPrimitives.dll
0x00007ff8902c0000 - 0x00007ff8902e8000 	C:\Program Files\Unity\Hub\Editor\2022.3.37f1\Editor\Data\PlaybackEngines\AndroidPlayer\OpenJDK\bin\java.dll
0x00007ff8f7df0000 - 0x00007ff8f7dfa000 	C:\Program Files\Unity\Hub\Editor\2022.3.37f1\Editor\Data\PlaybackEngines\AndroidPlayer\OpenJDK\bin\jimage.dll
0x00007ff890630000 - 0x00007ff890648000 	C:\Program Files\Unity\Hub\Editor\2022.3.37f1\Editor\Data\PlaybackEngines\AndroidPlayer\OpenJDK\bin\zip.dll

dbghelp: loaded successfully - version: 4.0.5 - missing functions: none
symbol engine: initialized successfully - sym options: 0x614 - pdb path: .;C:\Program Files\Unity\Hub\Editor\2022.3.37f1\Editor\Data\PlaybackEngines\AndroidPlayer\OpenJDK\bin;C:\WINDOWS\SYSTEM32;C:\WINDOWS\WinSxS\amd64_microsoft.windows.common-controls_6595b64144ccf1df_6.0.19041.4355_none_60b8b9eb71f62e16;C:\Program Files\Unity\Hub\Editor\2022.3.37f1\Editor\Data\PlaybackEngines\AndroidPlayer\OpenJDK\bin\server

VM Arguments:
jvm_args: -Dfile.encoding=UTF-8 
java_command: <unknown>
java_class_path (initial): <not set>
Launcher Type: SUN_STANDARD

[Global flags]
     intx CICompilerCount                          = 15                                        {product} {ergonomic}
     uint ConcGCThreads                            = 6                                         {product} {ergonomic}
     uint G1ConcRefinementThreads                  = 23                                        {product} {ergonomic}
   size_t G1HeapRegionSize                         = 4194304                                   {product} {ergonomic}
    uintx GCDrainStackTargetSize                   = 64                                        {product} {ergonomic}
   size_t InitialHeapSize                          = 1061158912                                {product} {ergonomic}
   size_t MarkStackSize                            = 4194304                                   {product} {ergonomic}
   size_t MaxHeapSize                              = 16953376768                               {product} {ergonomic}
   size_t MinHeapDeltaBytes                        = 4194304                                   {product} {ergonomic}
    uintx NonNMethodCodeHeapSize                   = 8182140                                {pd product} {ergonomic}
    uintx NonProfiledCodeHeapSize                  = 121738050                              {pd product} {ergonomic}
    uintx ProfiledCodeHeapSize                     = 121738050                              {pd product} {ergonomic}
    uintx ReservedCodeCacheSize                    = 251658240                              {pd product} {ergonomic}
     bool SegmentedCodeCache                       = true                                      {product} {ergonomic}
     bool UseCompressedClassPointers               = true                                 {lp64_product} {ergonomic}
     bool UseCompressedOops                        = true                                 {lp64_product} {ergonomic}
     bool UseG1GC                                  = true                                      {product} {ergonomic}
     bool UseLargePagesIndividualAllocation        = false                                  {pd product} {ergonomic}

Logging:
Log output configuration:
 #0: stdout all=warning uptime,level,tags
 #1: stderr all=off uptime,level,tags

Environment Variables:
JAVA_TOOL_OPTIONS=-Dfile.encoding=UTF-8
PATH=C:\Program Files\Eclipse Adoptium\jdk-21.0.3.9-hotspot\bin;C:\WINDOWS\system32;C:\WINDOWS;C:\WINDOWS\System32\Wbem;C:\WINDOWS\System32\WindowsPowerShell\v1.0\;C:\WINDOWS\System32\OpenSSH\;C:\Program Files\Bandizip\;C:\Program Files (x86)\NVIDIA Corporation\PhysX\Common;C:\Program Files\Git\cmd;C:\Program Files (x86)\Windows Kits\10\Windows Performance Toolkit\;C:\Program Files\NVIDIA Corporation\NVIDIA NvDLISR;C:\Program Files (x86)\GtkSharp\2.12\bin;C:\Users\back7\AppData\Local\Microsoft\WindowsApps;C:\Users\back7\AppData\Local\Programs\Microsoft VS Code\bin;C:\Users\back7\ffmpeg-2024-08-28-git-b730defd52-full_build\bin;
USERNAME=back7
OS=Windows_NT
PROCESSOR_IDENTIFIER=AMD64 Family 25 Model 97 Stepping 2, AuthenticAMD



---------------  S Y S T E M  ---------------

OS: Windows 10 , 64 bit Build 19041 (10.0.19041.4717)
OS uptime: 1 days 13:40 hours

CPU:total 32 (initial active 32) (32 cores per cpu, 2 threads per core) family 25 model 97 stepping 2 microcode 0x0, cmov, cx8, fxsr, mmx, sse, sse2, sse3, ssse3, sse4.1, sse4.2, popcnt, avx, avx2, aes, clmul, erms, mmxext, 3dnowpref, lzcnt, sse4a, ht, tsc, tscinvbit, tscinv, bmi1, bmi2, adx, evex, sha, fma

Memory: 4k page, system-wide physical 64661M (24391M free)
TotalPageFile size 66662M (AvailPageFile size 328M)
current process WorkingSet (physical memory assigned to process): 11M, peak: 11M
current process commit charge ("private bytes"): 93M, peak: 1105M

vm_info: OpenJDK 64-Bit Server VM (11.0.14.1+1) for windows-amd64 JRE (11.0.14.1+1), built on Feb  9 2022 01:48:27 by "" with unknown MS VC++:1916

END.
